# JRE version: OpenJDK Runtime Environment (8.0_242-b01) (build 1.8.0_242-release-1644-b01)
# Java VM: OpenJDK 64-Bit Server VM (25.242-b01 mixed mode windows-amd64 compressed oops)
Heap:
 PSYoungGen      total 318976K, used 48752K [0x00000000d5580000, 0x00000000ff500000, 0x0000000100000000)
  eden space 294400K, 8% used [0x00000000d5580000,0x00000000d6d61db0,0x00000000e7500000)
  from space 24576K, 98% used [0x00000000e7500000,0x00000000e8cba590,0x00000000e8d00000)
  to   space 196608K, 0% used [0x00000000f3500000,0x00000000f3500000,0x00000000ff500000)
 ParOldGen       total 326144K, used 138180K [0x0000000080000000, 0x0000000093e80000, 0x00000000d5580000)
  object space 326144K, 42% used [0x0000000080000000,0x00000000886f1040,0x0000000093e80000)
 Metaspace       used 122431K, capacity 132380K, committed 139520K, reserved 1171456K
  class space    used 15298K, capacity 17015K, committed 18176K, reserved 1048576K
GC Heap History (10 events):
Event: 15880.977 GC heap before
{Heap before GC invocations=95 (full 5):
 PSYoungGen      total 525312K, used 525020K [0x00000000d5580000, 0x0000000100000000, 0x0000000100000000)
  eden space 391168K, 99% used [0x00000000d5580000,0x00000000ed33a420,0x00000000ed380000)
  from space 134144K, 99% used [0x00000000ed380000,0x00000000f567cdc8,0x00000000f5680000)
  to   space 166912K, 0% used [0x00000000f5d00000,0x00000000f5d00000,0x0000000100000000)
 ParOldGen       total 302080K, used 269737K [0x0000000080000000, 0x0000000092700000, 0x00000000d5580000)
  object space 302080K, 89% used [0x0000000080000000,0x000000009076a560,0x0000000092700000)
 Metaspace       used 128683K, capacity 139364K, committed 139520K, reserved 1171456K
  class space    used 16166K, capacity 18094K, committed 18176K, reserved 1048576K
Event: 15881.205 GC heap after
Heap after GC invocations=95 (full 5):
 PSYoungGen      total 461312K, used 166884K [0x00000000d5580000, 0x0000000100000000, 0x0000000100000000)
  eden space 294400K, 0% used [0x00000000d5580000,0x00000000d5580000,0x00000000e7500000)
  from space 166912K, 99% used [0x00000000f5d00000,0x00000000ffff91c8,0x0000000100000000)
  to   space 202240K, 0% used [0x00000000e7500000,0x00000000e7500000,0x00000000f3a80000)
 ParOldGen       total 302080K, used 296512K [0x0000000080000000, 0x0000000092700000, 0x00000000d5580000)
  object space 302080K, 98% used [0x0000000080000000,0x0000000092190110,0x0000000092700000)
 Metaspace       used 128683K, capacity 139364K, committed 139520K, reserved 1171456K
  class space    used 16166K, capacity 18094K, committed 18176K, reserved 1048576K
}
Event: 15881.218 GC heap before
{Heap before GC invocations=96 (full 6):
 PSYoungGen      total 461312K, used 166884K [0x00000000d5580000, 0x0000000100000000, 0x0000000100000000)
  eden space 294400K, 0% used [0x00000000d5580000,0x00000000d5580000,0x00000000e7500000)
  from space 166912K, 99% used [0x00000000f5d00000,0x00000000ffff91c8,0x0000000100000000)
  to   space 202240K, 0% used [0x00000000e7500000,0x00000000e7500000,0x00000000f3a80000)
 ParOldGen       total 302080K, used 296512K [0x0000000080000000, 0x0000000092700000, 0x00000000d5580000)
  object space 302080K, 98% used [0x0000000080000000,0x0000000092190110,0x0000000092700000)
 Metaspace       used 128683K, capacity 139364K, committed 139520K, reserved 1171456K
  class space    used 16166K, capacity 18094K, committed 18176K, reserved 1048576K
Event: 15905.907 GC heap after
Heap after GC invocations=96 (full 6):
 PSYoungGen      total 461312K, used 0K [0x00000000d5580000, 0x0000000100000000, 0x0000000100000000)
  eden space 294400K, 0% used [0x00000000d5580000,0x00000000d5580000,0x00000000e7500000)
  from space 166912K, 0% used [0x00000000f5d00000,0x00000000f5d00000,0x0000000100000000)
  to   space 202240K, 0% used [0x00000000e7500000,0x00000000e7500000,0x00000000f3a80000)
 ParOldGen       total 326144K, used 138164K [0x0000000080000000, 0x0000000093e80000, 0x00000000d5580000)
  object space 326144K, 42% used [0x0000000080000000,0x00000000886ed040,0x0000000093e80000)
 Metaspace       used 120109K, capacity 129824K, committed 139520K, reserved 1171456K
  class space    used 15014K, capacity 16674K, committed 18176K, reserved 1048576K
}
Event: 15991.401 GC heap before
{Heap before GC invocations=97 (full 6):
 PSYoungGen      total 461312K, used 294400K [0x00000000d5580000, 0x0000000100000000, 0x0000000100000000)
  eden space 294400K, 100% used [0x00000000d5580000,0x00000000e7500000,0x00000000e7500000)
  from space 166912K, 0% used [0x00000000f5d00000,0x00000000f5d00000,0x0000000100000000)
  to   space 202240K, 0% used [0x00000000e7500000,0x00000000e7500000,0x00000000f3a80000)
 ParOldGen       total 326144K, used 138164K [0x0000000080000000, 0x0000000093e80000, 0x00000000d5580000)
  object space 326144K, 42% used [0x0000000080000000,0x00000000886ed040,0x0000000093e80000)
 Metaspace       used 120228K, capacity 129986K, committed 139520K, reserved 1171456K
  class space    used 15022K, capacity 16679K, committed 18176K, reserved 1048576K
Event: 15991.414 GC heap after
Heap after GC invocations=97 (full 6):
 PSYoungGen      total 308736K, used 14028K [0x00000000d5580000, 0x0000000100000000, 0x0000000100000000)
  eden space 294400K, 0% used [0x00000000d5580000,0x00000000d5580000,0x00000000e7500000)
  from space 14336K, 97% used [0x00000000e7500000,0x00000000e82b31a8,0x00000000e8300000)
  to   space 202752K, 0% used [0x00000000f3a00000,0x00000000f3a00000,0x0000000100000000)
 ParOldGen       total 326144K, used 138172K [0x0000000080000000, 0x0000000093e80000, 0x00000000d5580000)
  object space 326144K, 42% used [0x0000000080000000,0x00000000886ef040,0x0000000093e80000)
 Metaspace       used 120228K, capacity 129986K, committed 139520K, reserved 1171456K
  class space    used 15022K, capacity 16679K, committed 18176K, reserved 1048576K
}
Event: 16264.328 GC heap before
{Heap before GC invocations=98 (full 6):
 PSYoungGen      total 308736K, used 308428K [0x00000000d5580000, 0x0000000100000000, 0x0000000100000000)
  eden space 294400K, 100% used [0x00000000d5580000,0x00000000e7500000,0x00000000e7500000)
  from space 14336K, 97% used [0x00000000e7500000,0x00000000e82b31a8,0x00000000e8300000)
  to   space 202752K, 0% used [0x00000000f3a00000,0x00000000f3a00000,0x0000000100000000)
 ParOldGen       total 326144K, used 138172K [0x0000000080000000, 0x0000000093e80000, 0x00000000d5580000)
  object space 326144K, 42% used [0x0000000080000000,0x00000000886ef040,0x0000000093e80000)
 Metaspace       used 122393K, capacity 132380K, committed 139520K, reserved 1171456K
  class space    used 15297K, capacity 17015K, committed 18176K, reserved 1048576K
Event: 16264.407 GC heap after
Heap after GC invocations=98 (full 6):
 PSYoungGen      total 497152K, used 10097K [0x00000000d5580000, 0x0000000100000000, 0x0000000100000000)
  eden space 294400K, 0% used [0x00000000d5580000,0x00000000d5580000,0x00000000e7500000)
  from space 202752K, 4% used [0x00000000f3a00000,0x00000000f43dc790,0x0000000100000000)
  to   space 201728K, 0% used [0x00000000e7500000,0x00000000e7500000,0x00000000f3a00000)
 ParOldGen       total 326144K, used 138172K [0x0000000080000000, 0x0000000093e80000, 0x00000000d5580000)
  object space 326144K, 42% used [0x0000000080000000,0x00000000886ef040,0x0000000093e80000)
 Metaspace       used 122393K, capacity 132380K, committed 139520K, reserved 1171456K
  class space    used 15297K, capacity 17015K, committed 18176K, reserved 1048576K
}
Event: 16271.048 GC heap before
{Heap before GC invocations=99 (full 6):
 PSYoungGen      total 497152K, used 304497K [0x00000000d5580000, 0x0000000100000000, 0x0000000100000000)
  eden space 294400K, 100% used [0x00000000d5580000,0x00000000e7500000,0x00000000e7500000)
  from space 202752K, 4% used [0x00000000f3a00000,0x00000000f43dc790,0x0000000100000000)
  to   space 201728K, 0% used [0x00000000e7500000,0x00000000e7500000,0x00000000f3a00000)
 ParOldGen       total 326144K, used 138172K [0x0000000080000000, 0x0000000093e80000, 0x00000000d5580000)
  object space 326144K, 42% used [0x0000000080000000,0x00000000886ef040,0x0000000093e80000)
 Metaspace       used 122427K, capacity 132380K, committed 139520K, reserved 1171456K
  class space    used 15298K, capacity 17015K, committed 18176K, reserved 1048576K
Event: 16271.781 GC heap after
Heap after GC invocations=99 (full 6):
 PSYoungGen      total 318976K, used 24297K [0x00000000d5580000, 0x00000000ff500000, 0x0000000100000000)
  eden space 294400K, 0% used [0x00000000d5580000,0x00000000d5580000,0x00000000e7500000)
  from space 24576K, 98% used [0x00000000e7500000,0x00000000e8cba590,0x00000000e8d00000)
  to   space 196608K, 0% used [0x00000000f3500000,0x00000000f3500000,0x00000000ff500000)
 ParOldGen       total 326144K, used 138180K [0x0000000080000000, 0x0000000093e80000, 0x00000000d5580000)
  object space 326144K, 42% used [0x0000000080000000,0x00000000886f1040,0x0000000093e80000)
 Metaspace       used 122427K, capacity 132380K, committed 139520K, reserved 1171456K
  class space    used 15298K, capacity 17015K, committed 18176K, reserved 1048576K
}

